Microsoft HTML Help Compiler 4.74.8702

Compiling d:\manual\ocara1.0_manual\ocara1.0_manual.CHM

API大全\API介绍.html
Ocara简介.html
style\base.css
style\function.css
style\images\control多语言配置实例.png
style\images\control配置实例.png
style\images\example1\目录1.jpg
style\images\example1\目录2.png
style\images\example1\新建控制器.jpg
style\images\example1\新建控制器.png
style\images\form_expired.png
style\images\form_token.png
style\images\表单不存在.png
style\images\表单验证.png
style\images\程序错误.png
style\images\程序警告错误.png
style\images\错误配置.png
style\images\错误提示.png
style\images\错误提示路径.png
style\images\开发者中心.jpg
style\images\开发者中心用户管理.png
style\images\扩展插件多语言实例.png
style\images\扩展插件配置写法.png
style\images\扩展多语言实例.png
style\images\命令执行pass中文件.png
style\images\命令执行控制器动作.png
style\images\命令执行应用.png
style\images\默认错误处理警告PHP默认显示实例.png
style\images\默认错误处理警告实例.png
style\images\切换到pass目录.png
style\images\切换到根目录.png
style\images\添加动作.jpg
style\images\添加动作.png
style\images\添加控制器.jpg
style\images\添加控制器.png
style\images\添加模块.png
style\images\添加数据模型.png
style\images\通道使用实例.png
style\images\系统插件多语言实例.png
style\images\字符串错误.png
style\images\字符串配置.png
style\plugin.css
syntax\scripts\shAutoloader.js
syntax\scripts\shBrushAppleScript.js
syntax\scripts\shBrushAS3.js
syntax\scripts\shBrushBash.js
syntax\scripts\shBrushColdFusion.js
syntax\scripts\shBrushCpp.js
syntax\scripts\shBrushCSharp.js
syntax\scripts\shBrushCss.js
syntax\scripts\shBrushDelphi.js
syntax\scripts\shBrushDiff.js
syntax\scripts\shBrushErlang.js
syntax\scripts\shBrushGroovy.js
syntax\scripts\shBrushJava.js
syntax\scripts\shBrushJavaFX.js
syntax\scripts\shBrushJScript.js
syntax\scripts\shBrushPerl.js
syntax\scripts\shBrushPhp.js
syntax\scripts\shBrushPlain.js
syntax\scripts\shBrushPowerShell.js
syntax\scripts\shBrushPython.js
syntax\scripts\shBrushRuby.js
syntax\scripts\shBrushSass.js
syntax\scripts\shBrushScala.js
syntax\scripts\shBrushSql.js
syntax\scripts\shBrushVb.js
syntax\scripts\shBrushXml.js
syntax\scripts\shCore.js
syntax\scripts\shLegacy.js
syntax\src\shAutoloader.js
syntax\src\shCore.js
syntax\src\shLegacy.js
syntax\styles\shCore.css
syntax\styles\shCoreDefault.css
syntax\styles\shCoreDjango.css
syntax\styles\shCoreEclipse.css
syntax\styles\shCoreEmacs.css
syntax\styles\shCoreFadeToGrey.css
syntax\styles\shCoreMDUltra.css
syntax\styles\shCoreMidnight.css
syntax\styles\shCoreRDark.css
syntax\styles\shThemeDefault.css
syntax\styles\shThemeDjango.css
syntax\styles\shThemeEclipse.css
syntax\styles\shThemeEmacs.css
syntax\styles\shThemeFadeToGrey.css
syntax\styles\shThemeMDUltra.css
syntax\styles\shThemeMidnight.css
syntax\styles\shThemeRDark.css
treeview\base.js
treeview\images\ajax-loader.gif
treeview\images\file.gif
treeview\images\folder.gif
treeview\images\folder-closed.gif
treeview\images\minus.gif
treeview\images\plus.gif
treeview\images\treeview-black.gif
treeview\images\treeview-black-line.gif
treeview\images\treeview-default.gif
treeview\images\treeview-default-line.gif
treeview\images\treeview-famfamfam.gif
treeview\images\treeview-famfamfam-line.gif
treeview\images\treeview-gray.gif
treeview\images\treeview-gray-line.gif
treeview\images\treeview-red.gif
treeview\images\treeview-red-line.gif
treeview\jquery.treeview.async.js
treeview\jquery.treeview.css
treeview\jquery.treeview.edit.js
treeview\jquery.treeview.js
treeview\jquery.treeview.sortable.js
treeview\lib\jquery.cookie.js
treeview\lib\jquery.js
treeview\ready.js
函数智能\URL生成.html
函数智能\内容处理.html
函数智能\数组.html
函数智能\文件目录.html
函数智能\系统应用.html
函数智能\转换.html
基础知识和操作\MVC模型架构.html
HHC3002: Warning: PHP命令执行.html : The HTML tag "img" is missing a closing angle bracket.
基础知识和操作\PHP命令执行.html
基础知识和操作\URL路由.htm
基础知识和操作\单入口多通道.html
基础知识和操作\多通道的使用.html
基础知识和操作\目录结构.html
基础知识和操作\系统模式.html
基础知识和操作\新建应用.html
开发者中心\开发者管理.html
开发者中心\开发者中心介绍.html
开发者中心\添加动作.html
开发者中心\添加控制器.html
开发者中心\添加模块.html
开发者中心\添加数据模型.html
开发者中心\新建视图模板.html
控制器层\Ajax处理.html
控制器层\Session处理.html
控制器层\动作Action的使用.html
HHC3004: Warning: 多语言功能.html : The HTML tag "?php echo $form_edit-" is not a valid HTML tag (it does not begin with an alphanumeric character).
HHC3004: Warning: 多语言功能.html : The HTML tag "?php echo $form_edit-" is not a valid HTML tag (it does not begin with an alphanumeric character).
HHC3004: Warning: 多语言功能.html : The HTML tag "?php echo $form_edit-" is not a valid HTML tag (it does not begin with an alphanumeric character).
控制器层\多语言功能.html
HHC3004: Warning: 分页的使用.html : The HTML tag "?php echo $pager-" is not a valid HTML tag (it does not begin with an alphanumeric character).
控制器层\分页的使用.html
控制器层\更改控制器执行流程.html
控制器层\缓存使用.html
控制器层\角色权限控制.html
控制器层\静态生成.html
控制器层\控制器的使用.html
控制器层\类的自动加载.html
控制器层\模块的使用.html
控制器层\伪静态.html
控制器层\系统配置.html
控制器层\虚拟全局变量.html
控制器层\异常错误处理.html
控制器层\自定义回调.html
扩展插件\Excel生成.html
扩展插件\FTP处理.html
扩展插件\Socket处理.html
HHC3004: Warning: XML处理.html : The HTML tag "?xml version="1.0" encoding="utf-8"?" is not a valid HTML tag (it does not begin with an alphanumeric character).
扩展插件\XML处理.html
扩展插件\分页.html
扩展插件\静态生成.html
扩展插件\权限设置.html
扩展插件\日期时间.html
扩展插件\日志处理.html
扩展插件\图片处理.html
扩展插件\文件处理.html
扩展插件\文件缓存.html
扩展插件\文件上传.html
扩展插件\文件下载.html
扩展插件\验证码生成.html
扩展插件\邮件发送.html
实例\实例1-Hello World!\1.1-新建应用.html
实例\实例1-Hello World!\1.2-新建首页.html
实例\实例2-留言本\2.1-准备工作.html
实例\实例2-留言本\2.2-添加留言.html
实例\实例2-留言本\2.3-后台管理留言.html
实例\实例2-留言本\2.4-留言删除.html
实例\实例下载.html
视图层\表单控件.html
视图层\表单令牌.html
视图层\表单生成.html
视图层\表单验证.html
视图层\跨页表单生成.html
视图层\模板的使用.html
视图层\模板区块.html
视图层\模板引擎.html
HHC3004: Warning: 模板引擎扩展.html : The HTML tag "{',	//妯℃夸腑宸璁	'right_sign'	=" is not a valid HTML tag (it does not begin with an alphanumeric character).
视图层\模板引擎扩展.html
HHC3004: Warning: 模板助手.html : The HTML tag "?php echo $this-" is not a valid HTML tag (it does not begin with an alphanumeric character).
HHC3004: Warning: 模板助手.html : The HTML tag "?php echo $this-" is not a valid HTML tag (it does not begin with an alphanumeric character).
视图层\模板助手.html
视图层\页面布局.html
数据模型层\ORM模型的使用.html
数据模型层\SQL安全过滤.html
数据模型层\SQL语句生成.html
数据模型层\查询缓存.html
数据模型层\分库分表.html
数据模型层\如何使用原生的sql语句.html
数据模型层\事务处理.html
数据模型层\数据操作.html
数据模型层\数据查询.html
数据模型层\数据库的使用.html
数据模型层\数据库设置.html
数据模型层\数据模型的使用.html
数据模型层\字段别名.html
TOC-Created-By-Easy-CHM.HHC
Index-Created-By-Easy-CHM.HHK

Compile time: 0 minutes, 1 second
89	Topics
366	Local links
2	Internet links
0	Graphics


Created d:\manual\ocara1.0_manual\ocara1.0_manual.CHM, 773,103 bytes
Compression decreased file by 662,395 bytes.
